[2019-07-25 05:43:09][DEBUG][ConfigProcess] Read Config
[2019-07-25 05:43:09][DEBUG][WindowGraphShowLogic] Read Config
[2019-07-25 05:43:09][DEBUG][WindowGraphShowLogic] Open Window
[2019-07-25 06:00:55][INFO][ConfigProcess] Initialize Config
[2019-07-25 06:00:55][DEBUG][ConfigProcess] Read Config
[2019-07-25 06:00:55][DEBUG][ConfigProcess] Read Config
[2019-07-25 06:00:55][DEBUG][ConfigProcess] Read Config
[2019-07-25 06:00:55][INFO][Cal] Change Status
[2019-07-25 06:00:55][INFO][Cal] Design Filter
[2019-07-25 06:00:56][DEBUG][ConfigProcess] Read Config
[2019-07-25 06:00:56][DEBUG][WindowGraphShowLogic] Read Config
[2019-07-25 06:00:56][DEBUG][WindowGraphShowLogic] Open Window
[2019-07-25 06:01:22][INFO][ConfigProcess] Initialize Config
[2019-07-25 06:01:22][DEBUG][ConfigProcess] Read Config
[2019-07-25 06:01:22][DEBUG][ConfigProcess] Read Config
[2019-07-25 06:01:22][DEBUG][ConfigProcess] Read Config
[2019-07-25 06:01:22][INFO][Cal] Change Status
[2019-07-25 06:01:22][INFO][Cal] Design Filter
[2019-07-25 06:01:23][DEBUG][ConfigProcess] Read Config
[2019-07-25 06:01:23][DEBUG][WindowGraphShowLogic] Read Config
[2019-07-25 06:01:23][DEBUG][WindowGraphShowLogic] Open Window
[2019-07-25 06:02:13][INFO][ConfigProcess] Initialize Config
[2019-07-25 06:02:13][DEBUG][ConfigProcess] Read Config
[2019-07-25 06:02:13][DEBUG][ConfigProcess] Read Config
[2019-07-25 06:02:13][DEBUG][ConfigProcess] Read Config
[2019-07-25 06:02:13][INFO][Cal] Change Status
[2019-07-25 06:02:13][INFO][Cal] Design Filter
[2019-07-25 06:02:13][DEBUG][ConfigProcess] Read Config
[2019-07-25 06:02:13][DEBUG][WindowGraphShowLogic] Read Config
[2019-07-25 06:02:13][DEBUG][WindowGraphShowLogic] Open Window
[2019-07-25 06:05:14][INFO][ConfigProcess] Initialize Config
[2019-07-25 06:05:14][DEBUG][ConfigProcess] Read Config
[2019-07-25 06:05:14][DEBUG][ConfigProcess] Read Config
[2019-07-25 06:05:14][DEBUG][ConfigProcess] Read Config
[2019-07-25 06:05:14][INFO][Cal] Change Status
[2019-07-25 06:05:14][INFO][Cal] Design Filter
[2019-07-25 06:05:14][DEBUG][ConfigProcess] Read Config
[2019-07-25 06:05:14][DEBUG][WindowGraphShowLogic] Read Config
[2019-07-25 06:05:14][DEBUG][WindowGraphShowLogic] Open Window
[2019-07-25 06:05:50][INFO][ConfigProcess] Initialize Config
[2019-07-25 06:05:50][DEBUG][ConfigProcess] Read Config
[2019-07-25 06:05:50][DEBUG][ConfigProcess] Read Config
[2019-07-25 06:05:50][DEBUG][ConfigProcess] Read Config
[2019-07-25 06:05:50][INFO][Cal] Change Status
[2019-07-25 06:05:50][INFO][Cal] Design Filter
[2019-07-25 06:05:53][DEBUG][ConfigProcess] Read Config
[2019-07-25 06:05:53][DEBUG][WindowGraphShowLogic] Read Config
[2019-07-25 06:05:53][DEBUG][WindowGraphShowLogic] Open Window
[2019-07-25 06:06:51][INFO][ConfigProcess] Initialize Config
[2019-07-25 06:06:51][DEBUG][ConfigProcess] Read Config
[2019-07-25 06:06:51][DEBUG][ConfigProcess] Read Config
[2019-07-25 06:06:51][DEBUG][ConfigProcess] Read Config
[2019-07-25 06:06:51][INFO][Cal] Change Status
[2019-07-25 06:06:51][INFO][Cal] Design Filter
[2019-07-25 06:06:51][DEBUG][ConfigProcess] Read Config
[2019-07-25 06:06:51][DEBUG][WindowGraphShowLogic] Read Config
[2019-07-25 06:06:51][DEBUG][WindowGraphShowLogic] Open Window
